C:\Program Files (x86)\Microsoft Visual Studio\2017\Community\Common7\IDE\VC\VCTargets\Microsoft.CppBuild.targets(376,5): warning MSB8004: Intermediate 目录未以斜杠结尾。  此生成实例将添加斜杠，因为必须有这个斜杠才能正确计算 Intermediate 目录。
C:\Program Files (x86)\Microsoft Visual Studio\2017\Community\Common7\IDE\VC\VCTargets\Microsoft.CppBuild.targets(377,5): warning MSB8004: Output 目录未以斜杠结尾。  此生成实例将添加斜杠，因为必须有这个斜杠才能正确计算 Output 目录。
  TinyC.cpp
d:\gitspace\tinyc\tinyc\sourcecode\tinyc.cpp(185): warning C4018: “<”: 有符号/无符号不匹配
d:\gitspace\tinyc\tinyc\sourcecode\tinyc.cpp(195): warning C4244: “=”: 从“_Ty”转换到“int”，可能丢失数据
          with
          [
              _Ty=__int64
          ]
d:\gitspace\tinyc\tinyc\sourcecode\tinyc.cpp(199): warning C4244: “=”: 从“_Ty”转换到“int”，可能丢失数据
          with
          [
              _Ty=__int64
          ]
d:\gitspace\tinyc\tinyc\sourcecode\tinyc.cpp(201): warning C4244: “=”: 从“_Ty”转换到“int”，可能丢失数据
          with
          [
              _Ty=__int64
          ]
d:\gitspace\tinyc\tinyc\sourcecode\tinyc.cpp(209): warning C4244: “参数”: 从“__int64”转换到“const unsigned int”，可能丢失数据
d:\gitspace\tinyc\tinyc\sourcecode\tinyc.cpp(211): warning C4244: “参数”: 从“__int64”转换到“const unsigned int”，可能丢失数据
  TinyC.vcxproj -> D:\GitSpace\TinyC\TinyC\.\x86\Debug\TinyC.exe
